<?xml version="1.0" encoding="UTF-8"?>
<testsuite name="CalculadoraTest" tests="1" skipped="0" failures="0" errors="0" timestamp="2022-05-26T12:30:01" hostname="DESKTOP-8C67S5J" time="0.041">
  <properties/>
  <testcase name="somaTest()" classname="CalculadoraTest" time="0.041"/>
  <system-out><![CDATA[]]></system-out>
  <system-err><![CDATA[]]></system-err>
</testsuite>
